<?xml version="1.0" encoding="UTF-8"?>
<testsuite name="TodosTest" tests="2" skipped="0" failures="0" errors="0" timestamp="2024-10-06T20:04:15" hostname="Faizas-MacBook-Air.local" time="0.148">
  <properties/>
  <testcase name="test_todos_get()" classname="TodosTest" time="0.142"/>
  <testcase name="test_todos_head()" classname="TodosTest" time="0.006"/>
  <system-out><![CDATA[{"todos":[{"id":"2","title":"new title 2","doneStatus":"false","description":""},{"id":"1","title":"scan paperwork","doneStatus":"false","description":"","categories":[{"id":"1"}]}]}

]]></system-out>
  <system-err><![CDATA[]]></system-err>
</testsuite>
